Oct-08 12:40:18.181 [main] DEBUG nextflow.cli.Launcher - $> nextflow run ipyrad.nf --ASSEMBLY_NAME my_new_assembly --CLUST_THRESHOLD 0.9
Oct-08 12:40:18.269 [main] INFO  nextflow.cli.CmdRun - N E X T F L O W  ~  version 23.10.1
Oct-08 12:40:18.281 [main] DEBUG nextflow.plugin.PluginsFacade - Setting up plugin manager > mode=prod; embedded=false; plugins-dir=/home/sharrin2/.nextflow/plugins; core-plugins: nf-amazon@2.1.4,nf-azure@1.3.3,nf-cloudcache@0.3.0,nf-codecommit@0.1.5,nf-console@1.0.6,nf-ga4gh@1.1.0,nf-google@1.8.3,nf-tower@1.6.3,nf-wave@1.0.1
Oct-08 12:40:18.290 [main] INFO  o.pf4j.DefaultPluginStatusProvider - Enabled plugins: []
Oct-08 12:40:18.291 [main] INFO  o.pf4j.DefaultPluginStatusProvider - Disabled plugins: []
Oct-08 12:40:18.293 [main] INFO  org.pf4j.DefaultPluginManager - PF4J version 3.4.1 in 'deployment' mode
Oct-08 12:40:18.300 [main] INFO  org.pf4j.AbstractPluginManager - No plugins
Oct-08 12:40:18.311 [main] DEBUG nextflow.config.ConfigBuilder - Found config local: /cluster/medbow/project/inbreh/radseq_cloud/tutorial/nf/nextflow.config
Oct-08 12:40:18.311 [main] DEBUG nextflow.config.ConfigBuilder - Parsing config file: /cluster/medbow/project/inbreh/radseq_cloud/tutorial/nf/nextflow.config
Oct-08 12:40:18.325 [main] DEBUG nextflow.config.ConfigBuilder - Applying config profile: `standard`
Oct-08 12:40:18.697 [main] DEBUG nextflow.cli.CmdRun - Applied DSL=2 by global default
Oct-08 12:40:18.708 [main] INFO  nextflow.cli.CmdRun - Launching `ipyrad.nf` [friendly_austin] DSL2 - revision: f7535adb76
Oct-08 12:40:18.708 [main] DEBUG nextflow.plugin.PluginsFacade - Plugins default=[]
Oct-08 12:40:18.708 [main] DEBUG nextflow.plugin.PluginsFacade - Plugins resolved requirement=[]
Oct-08 12:40:18.715 [main] DEBUG n.secret.LocalSecretsProvider - Secrets store: /home/sharrin2/.nextflow/secrets/store.json
Oct-08 12:40:18.717 [main] DEBUG nextflow.secret.SecretsLoader - Discovered secrets providers: [nextflow.secret.LocalSecretsProvider@551e4c6d] - activable => nextflow.secret.LocalSecretsProvider@551e4c6d
Oct-08 12:40:18.751 [main] DEBUG nextflow.Session - Session UUID: 22dbbc78-3d9d-4e80-9e9e-392768ec0886
Oct-08 12:40:18.751 [main] DEBUG nextflow.Session - Run name: friendly_austin
Oct-08 12:40:18.752 [main] DEBUG nextflow.Session - Executor pool size: 24
Oct-08 12:40:18.756 [main] DEBUG nextflow.file.FilePorter - File porter settings maxRetries=3; maxTransfers=50; pollTimeout=null
Oct-08 12:40:18.759 [main] DEBUG nextflow.util.ThreadPoolBuilder - Creating thread pool 'FileTransfer' minSize=10; maxSize=72; workQueue=LinkedBlockingQueue[10000]; allowCoreThreadTimeout=false
Oct-08 12:40:18.776 [main] DEBUG nextflow.cli.CmdRun - 
  Version: 23.10.1 build 5891
  Created: 12-01-2024 22:01 UTC (15:01 MDT)
  System: Linux 5.14.0-362.24.1.el9_3.x86_64
  Runtime: Groovy 3.0.19 on OpenJDK 64-Bit Server VM 11.0.20.1+1
  Encoding: UTF-8 (UTF-8)
  Process: 1414371@mbcpu-024.cluster [10.198.65.24]
  CPUs: 24 - Mem: 1007.6 GB (751 GB) - Swap: 8 GB (8 GB)
Oct-08 12:40:18.806 [main] DEBUG nextflow.Session - Work-dir: /cluster/medbow/project/inbreh/radseq_cloud/tutorial/nf/work [nfs]
Oct-08 12:40:18.806 [main] DEBUG nextflow.Session - Script base path does not exist or is not a directory: /cluster/medbow/project/inbreh/radseq_cloud/tutorial/nf/bin
Oct-08 12:40:18.812 [main] DEBUG nextflow.executor.ExecutorFactory - Extension executors providers=[]
Oct-08 12:40:18.819 [main] DEBUG nextflow.Session - Observer factory: DefaultObserverFactory
Oct-08 12:40:18.839 [main] DEBUG nextflow.cache.CacheFactory - Using Nextflow cache factory: nextflow.cache.DefaultCacheFactory
Oct-08 12:40:18.852 [main] DEBUG nextflow.util.CustomThreadPool - Creating default thread pool > poolSize: 25; maxThreads: 1000
Oct-08 12:40:18.949 [main] DEBUG nextflow.Session - Session start
Oct-08 12:40:19.113 [main] DEBUG nextflow.script.ScriptRunner - > Launching execution
Oct-08 12:40:19.154 [main] DEBUG nextflow.executor.ExecutorFactory - << taskConfig executor: null
Oct-08 12:40:19.154 [main] DEBUG nextflow.executor.ExecutorFactory - >> processorType: 'local'
Oct-08 12:40:19.158 [main] DEBUG nextflow.executor.Executor - [warm up] executor > local
Oct-08 12:40:19.161 [main] DEBUG n.processor.LocalPollingMonitor - Creating local task monitor for executor 'local' > cpus=24; memory=1007.6 GB; capacity=24; pollInterval=100ms; dumpInterval=5m
Oct-08 12:40:19.162 [main] DEBUG n.processor.TaskPollingMonitor - >>> barrier register (monitor: local)
Oct-08 12:40:19.227 [main] DEBUG nextflow.Session - Workflow process names [dsl2]: ipyrad
Oct-08 12:40:19.227 [main] DEBUG nextflow.Session - Igniting dataflow network (1)
Oct-08 12:40:19.227 [main] DEBUG nextflow.processor.TaskProcessor - Starting process > ipyrad
Oct-08 12:40:19.228 [main] DEBUG nextflow.script.ScriptRunner - Parsed script files:
  Script_bcc33e0e2d61ffcd: /cluster/medbow/project/inbreh/radseq_cloud/tutorial/nf/ipyrad.nf
Oct-08 12:40:19.228 [main] DEBUG nextflow.script.ScriptRunner - > Awaiting termination 
Oct-08 12:40:19.228 [main] DEBUG nextflow.Session - Session await
Oct-08 12:40:19.461 [Task submitter] DEBUG n.executor.local.LocalTaskHandler - Launch cmd line: /bin/bash -ue .command.run
Oct-08 12:40:19.463 [Task submitter] INFO  nextflow.Session - [06/e07b4e] Submitted process > ipyrad
Oct-08 12:43:23.302 [Task monitor] DEBUG n.processor.TaskPollingMonitor - Task completed > TaskHandler[id: 1; name: ipyrad; status: COMPLETED; exit: 0; error: -; workDir: /cluster/medbow/project/inbreh/radseq_cloud/tutorial/nf/work/06/e07b4e970d3254cec2a59d24bd39ad]
Oct-08 12:43:23.312 [main] DEBUG nextflow.Session - Session await > all processes finished
Oct-08 12:43:23.313 [Task monitor] DEBUG n.processor.TaskPollingMonitor - <<< barrier arrives (monitor: local) - terminating tasks monitor poll loop
Oct-08 12:43:23.313 [main] DEBUG nextflow.Session - Session await > all barriers passed
Oct-08 12:43:23.317 [main] DEBUG n.trace.WorkflowStatsObserver - Workflow completed > WorkflowStats[succeededCount=1; failedCount=0; ignoredCount=0; cachedCount=0; pendingCount=0; submittedCount=0; runningCount=0; retriesCount=0; abortedCount=0; succeedDuration=3m 4s; failedDuration=0ms; cachedDuration=0ms;loadCpus=0; loadMemory=0; peakRunning=1; peakCpus=1; peakMemory=0; ]
Oct-08 12:43:23.479 [main] DEBUG nextflow.cache.CacheDB - Closing CacheDB done
Oct-08 12:43:23.499 [main] DEBUG nextflow.util.ThreadPoolManager - Thread pool 'FileTransfer' shutdown completed (hard=false)
Oct-08 12:43:23.499 [main] DEBUG nextflow.script.ScriptRunner - > Execution complete -- Goodbye
